<?xml version="1.0" encoding="UTF-8"?>
<!-- Generated by org.testng.reporters.JUnitReportReporter -->
<testsuite hostname="LAPTOP-1HREEBHP" failures="0" tests="1" name="testCases.TC001_AccountRegistrationTest" time="3.548" errors="0" timestamp="2024-09-24T18:00:04 IST" skipped="0">
  <testcase classname="testCases.TC001_AccountRegistrationTest" name="verify_account_registration" time="3.548"/>
</testsuite> <!-- testCases.TC001_AccountRegistrationTest -->
