<?xml version="1.0" encoding="UTF-8"?>
<!-- Generated by org.testng.reporters.JUnitReportReporter -->
<testsuite hostname="LAPTOP-1HREEBHP" failures="0" tests="6" name="testCases.TC003_LoginDDT" time="51.504" errors="0" timestamp="2024-09-16T10:55:06 IST" skipped="0">
  <testcase classname="testCases.TC003_LoginDDT" name="verify_loginDDT" time="11.320"/>
  <testcase classname="testCases.TC003_LoginDDT" name="verify_loginDDT" time="2.596"/>
  <testcase classname="testCases.TC003_LoginDDT" name="verify_loginDDT" time="11.659"/>
  <testcase classname="testCases.TC003_LoginDDT" name="verify_loginDDT" time="11.804"/>
  <testcase classname="testCases.TC003_LoginDDT" name="verify_loginDDT" time="2.622"/>
  <testcase classname="testCases.TC003_LoginDDT" name="verify_loginDDT" time="11.503"/>
</testsuite> <!-- testCases.TC003_LoginDDT -->
